Using pre-set license
Built from '2020.3/staging' branch; Version is '2020.3.25f1 (9b9180224418) revision 10195328'; Using compiler version '192528614'; Build Type 'Release'
OS: 'Windows 10  (10.0.19044) 64bit Core' Language: 'es' Physical Memory: 8107 MB
BatchMode: 1, IsHumanControllingUs: 0, StartBugReporterOnCrash: 0, Is64bit: 1, IsPro: 0

COMMAND LINE ARGUMENTS:
C:\Program Files\Unity\Hub\Editor\2020.3.25f1\Editor\Unity.exe
-adb2
-batchMode
-noUpm
-name
AssetImportWorker0
-projectPath
C:/Users/lauca/Documents/GitHub/GGJ22/GGJ22
-logFile
Logs/AssetImportWorker0.log
-srvPort
60156
Successfully changed project path to: C:/Users/lauca/Documents/GitHub/GGJ22/GGJ22
C:/Users/lauca/Documents/GitHub/GGJ22/GGJ22
Using Asset Import Pipeline V2.
Refreshing native plugins compatible for Editor in 77.39 ms, found 3 plugins.
Preloading 0 native plugins for Editor in 0.00 ms.
Initialize engine version: 2020.3.25f1 (9b9180224418)
[Subsystems] Discovering subsystems at path C:/Program Files/Unity/Hub/Editor/2020.3.25f1/Editor/Data/Resources/UnitySubsystems
[Subsystems] Discovering subsystems at path C:/Users/lauca/Documents/GitHub/GGJ22/GGJ22/Assets
GfxDevice: creating device client; threaded=0
Direct3D:
    Version:  Direct3D 11.0 [level 11.1]
    Renderer: AMD Radeon R7 M260 (ID=0x6900)
    Vendor:   
    VRAM:     2038 MB
    Driver:   27.20.20903.8001
Initialize mono
Mono path[0] = 'C:/Program Files/Unity/Hub/Editor/2020.3.25f1/Editor/Data/Managed'
Mono path[1] = 'C:/Program Files/Unity/Hub/Editor/2020.3.25f1/Editor/Data/MonoBleedingEdge/lib/mono/unityjit'
Mono config path = 'C:/Program Files/Unity/Hub/Editor/2020.3.25f1/Editor/Data/MonoBleedingEdge/etc'
Using monoOptions --debugger-agent=transport=dt_socket,embedding=1,server=y,suspend=n,address=127.0.0.1:56824
Begin MonoManager ReloadAssembly
Registering precompiled unity dll's ...
Register platform support module: C:/Program Files/Unity/Hub/Editor/2020.3.25f1/Editor/Data/PlaybackEngines/WebGLSupport/UnityEditor.WebGL.Extensions.dll
Register platform support module: C:/Program Files/Unity/Hub/Editor/2020.3.25f1/Editor/Data/PlaybackEngines/WindowsStandaloneSupport/UnityEditor.WindowsStandalone.Extensions.dll
Registered in 0.004579 seconds.
Native extension for WindowsStandalone target not found
Native extension for WebGL target not found
Refreshing native plugins compatible for Editor in 72.46 ms, found 3 plugins.
Preloading 0 native plugins for Editor in 0.00 ms.
Mono: successfully reloaded assembly
- Completed reload, in  0.963 seconds
Domain Reload Profiling:
	ReloadAssembly (963ms)
		BeginReloadAssembly (95ms)
			ExecutionOrderSort (0ms)
			DisableScriptedObjects (0ms)
			BackupInstance (0ms)
			ReleaseScriptingObjects (0ms)
			CreateAndSetChildDomain (1ms)
		EndReloadAssembly (751ms)
			LoadAssemblies (92ms)
			RebuildTransferFunctionScriptingTraits (0ms)
			SetupTypeCache (257ms)
			ReleaseScriptCaches (0ms)
			RebuildScriptCaches (55ms)
			SetupLoadedEditorAssemblies (284ms)
				LogAssemblyErrors (0ms)
				InitializePlatformSupportModulesInManaged (9ms)
				SetLoadedEditorAssemblies (0ms)
				RefreshPlugins (73ms)
				BeforeProcessingInitializeOnLoad (13ms)
				ProcessInitializeOnLoadAttributes (138ms)
				ProcessInitializeOnLoadMethodAttributes (50ms)
				AfterProcessingInitializeOnLoad (0ms)
				EditorAssembliesLoaded (0ms)
			ExecutionOrderSort2 (0ms)
			AwakeInstancesAfterBackupRestoration (0ms)
Platform modules already initialized, skipping
Registering precompiled user dll's ...
Registered in 0.007851 seconds.
Begin MonoManager ReloadAssembly
Native extension for WindowsStandalone target not found
Native extension for WebGL target not found
Refreshing native plugins compatible for Editor in 79.48 ms, found 3 plugins.
Preloading 0 native plugins for Editor in 0.00 ms.
Mono: successfully reloaded assembly
- Completed reload, in  1.900 seconds
Domain Reload Profiling:
	ReloadAssembly (1901ms)
		BeginReloadAssembly (239ms)
			ExecutionOrderSort (0ms)
			DisableScriptedObjects (7ms)
			BackupInstance (0ms)
			ReleaseScriptingObjects (0ms)
			CreateAndSetChildDomain (33ms)
		EndReloadAssembly (1564ms)
			LoadAssemblies (210ms)
			RebuildTransferFunctionScriptingTraits (0ms)
			SetupTypeCache (537ms)
			ReleaseScriptCaches (1ms)
			RebuildScriptCaches (76ms)
			SetupLoadedEditorAssemblies (553ms)
				LogAssemblyErrors (0ms)
				InitializePlatformSupportModulesInManaged (9ms)
				SetLoadedEditorAssemblies (0ms)
				RefreshPlugins (80ms)
				BeforeProcessingInitializeOnLoad (105ms)
				ProcessInitializeOnLoadAttributes (321ms)
				ProcessInitializeOnLoadMethodAttributes (27ms)
				AfterProcessingInitializeOnLoad (10ms)
				EditorAssembliesLoaded (0ms)
			ExecutionOrderSort2 (0ms)
			AwakeInstancesAfterBackupRestoration (10ms)
Platform modules already initialized, skipping
========================================================================
Worker process is ready to serve import requests
Launched and connected shader compiler UnityShaderCompiler.exe after 0.15 seconds
Refreshing native plugins compatible for Editor in 0.66 ms, found 3 plugins.
Preloading 0 native plugins for Editor in 0.00 ms.
Unloading 2202 Unused Serialized files (Serialized files now loaded: 0)
System memory in use before: 96.4 MB.
System memory in use after: 96.5 MB.

Unloading 27 unused Assets to reduce memory usage. Loaded Objects now: 2640.
Total: 4.825700 ms (FindLiveObjects: 0.276600 ms CreateObjectMapping: 0.230000 ms MarkObjects: 4.278800 ms  DeleteObjects: 0.038500 ms)

AssetImportParameters requested are different than current active one (requested -> active):
  custom:framework-win-MediaFoundation: 216162199b28c13a410421893ffa2e32 -> 
  custom:video-decoder-ogg-theora: a1e56fd34408186e4bbccfd4996cb3dc -> 
  custom:container-muxer-webm: aa71ff27fc2769a1b78a27578f13a17b -> 
  custom:container-demuxer-webm: 4f35f7cbe854078d1ac9338744f61a02 -> 
  custom:container-demuxer-ogg: 62fdf1f143b41e24485cea50d1cbac27 -> 
  custom:video-encoder-webm-vp8: eb34c28f22e8b96e1ab97ce403110664 -> 
  custom:video-decoder-webm-vp8: 9c59270c3fd7afecdb556c50c9e8de78 -> 
  custom:audio-decoder-ogg-vorbis: bf7c407c2cedff20999df2af8eb42d56 -> 
  custom:audio-encoder-webm-vorbis: bf7c407c2cedff20999df2af8eb42d56 -> 
========================================================================
Received Import Request.
  path: Assets/Scripts
  artifactKey: Guid(f3be2d3e040f69e4dbfe6b35ced4cb89) Importer(815301076,1909f56bfc062723c751e8b465ee728b)
Start importing Assets/Scripts using Guid(f3be2d3e040f69e4dbfe6b35ced4cb89) Importer(815301076,1909f56bfc062723c751e8b465ee728b)  -> (artifact id: '93e7957ae1a08ec78c6fb5a583e768a0') in 0.016342 seconds 
  Import took 0.051620 seconds .

========================================================================
Received Import Request.
  Time since last request: 112.975988 seconds.
  path: Assets/Scripts/GameManager.cs
  artifactKey: Guid(98b9abd878a610c4fa0fb63bfa57a0b0) Importer(815301076,1909f56bfc062723c751e8b465ee728b)
Start importing Assets/Scripts/GameManager.cs using Guid(98b9abd878a610c4fa0fb63bfa57a0b0) Importer(815301076,1909f56bfc062723c751e8b465ee728b)  -> (artifact id: 'd6417f5b12d73734c375f8c73d866db8') in 1.091407 seconds 
  Import took 1.159867 seconds .

========================================================================
Received Prepare
Registering precompiled user dll's ...
Registered in 0.009653 seconds.
Begin MonoManager ReloadAssembly
Native extension for WindowsStandalone target not found
Native extension for WebGL target not found
Refreshing native plugins compatible for Editor in 1.46 ms, found 3 plugins.
Preloading 0 native plugins for Editor in 0.00 ms.
Mono: successfully reloaded assembly
- Completed reload, in  1.887 seconds
Domain Reload Profiling:
	ReloadAssembly (1888ms)
		BeginReloadAssembly (234ms)
			ExecutionOrderSort (0ms)
			DisableScriptedObjects (16ms)
			BackupInstance (0ms)
			ReleaseScriptingObjects (0ms)
			CreateAndSetChildDomain (71ms)
		EndReloadAssembly (1466ms)
			LoadAssemblies (212ms)
			RebuildTransferFunctionScriptingTraits (0ms)
			SetupTypeCache (518ms)
			ReleaseScriptCaches (2ms)
			RebuildScriptCaches (70ms)
			SetupLoadedEditorAssemblies (499ms)
				LogAssemblyErrors (0ms)
				InitializePlatformSupportModulesInManaged (10ms)
				SetLoadedEditorAssemblies (1ms)
				RefreshPlugins (2ms)
				BeforeProcessingInitializeOnLoad (98ms)
				ProcessInitializeOnLoadAttributes (352ms)
				ProcessInitializeOnLoadMethodAttributes (24ms)
				AfterProcessingInitializeOnLoad (12ms)
				EditorAssembliesLoaded (1ms)
			ExecutionOrderSort2 (0ms)
			AwakeInstancesAfterBackupRestoration (16ms)
Platform modules already initialized, skipping
Refreshing native plugins compatible for Editor in 0.67 ms, found 3 plugins.
Preloading 0 native plugins for Editor in 0.00 ms.
Unloading 2192 Unused Serialized files (Serialized files now loaded: 0)
System memory in use before: 95.8 MB.
System memory in use after: 95.9 MB.

Unloading 17 unused Assets to reduce memory usage. Loaded Objects now: 2643.
Total: 4.284300 ms (FindLiveObjects: 0.270300 ms CreateObjectMapping: 0.194600 ms MarkObjects: 3.785500 ms  DeleteObjects: 0.032500 ms)

AssetImportParameters requested are different than current active one (requested -> active):
  custom:framework-win-MediaFoundation: 216162199b28c13a410421893ffa2e32 -> 
  custom:video-decoder-ogg-theora: a1e56fd34408186e4bbccfd4996cb3dc -> 
  custom:container-muxer-webm: aa71ff27fc2769a1b78a27578f13a17b -> 
  custom:container-demuxer-webm: 4f35f7cbe854078d1ac9338744f61a02 -> 
  custom:container-demuxer-ogg: 62fdf1f143b41e24485cea50d1cbac27 -> 
  custom:video-encoder-webm-vp8: eb34c28f22e8b96e1ab97ce403110664 -> 
  custom:video-decoder-webm-vp8: 9c59270c3fd7afecdb556c50c9e8de78 -> 
  custom:audio-decoder-ogg-vorbis: bf7c407c2cedff20999df2af8eb42d56 -> 
  custom:audio-encoder-webm-vorbis: bf7c407c2cedff20999df2af8eb42d56 -> 
========================================================================
Received Import Request.
  Time since last request: 2968.856305 seconds.
  path: Assets/Scenes/MainScene.unity
  artifactKey: Guid(2cda990e2423bbf4892e6590ba056729) Importer(815301076,1909f56bfc062723c751e8b465ee728b)
Start importing Assets/Scenes/MainScene.unity using Guid(2cda990e2423bbf4892e6590ba056729) Importer(815301076,1909f56bfc062723c751e8b465ee728b)  -> (artifact id: '155adaacbe32c650fbe0974d6336b230') in 0.306732 seconds 
  Import took 0.444375 seconds .

========================================================================
Received Import Request.
  Time since last request: 14.626878 seconds.
  path: Assets/Prefab
  artifactKey: Guid(48ef6c7f0e47632458b187bdba74d0e9) Importer(815301076,1909f56bfc062723c751e8b465ee728b)
Start importing Assets/Prefab using Guid(48ef6c7f0e47632458b187bdba74d0e9) Importer(815301076,1909f56bfc062723c751e8b465ee728b)  -> (artifact id: '29565df21bd3a109ae561914afd22c37') in 0.064685 seconds 
  Import took 0.107997 seconds .

========================================================================
Received Import Request.
  Time since last request: 0.000295 seconds.
  path: Assets/Prefab/Bullet.prefab
  artifactKey: Guid(8d8a14a59e912244484f6d9e65dbc911) Importer(815301076,1909f56bfc062723c751e8b465ee728b)
Start importing Assets/Prefab/Bullet.prefab using Guid(8d8a14a59e912244484f6d9e65dbc911) Importer(815301076,1909f56bfc062723c751e8b465ee728b)  -> (artifact id: '5dc5639c34754230cfe1ef39ec1bb105') in 0.558608 seconds 
  Import took 0.590672 seconds .

========================================================================
Received Import Request.
  Time since last request: 0.000376 seconds.
  path: Assets/Prefab/DamageMagicalSphere.prefab
  artifactKey: Guid(699e0a495f344234a94f57917deaf365) Importer(815301076,1909f56bfc062723c751e8b465ee728b)
Start importing Assets/Prefab/DamageMagicalSphere.prefab using Guid(699e0a495f344234a94f57917deaf365) Importer(815301076,1909f56bfc062723c751e8b465ee728b)  -> (artifact id: 'e441571e95f48d349aeebc2e5c39b276') in 0.120902 seconds 
  Import took 0.145676 seconds .

========================================================================
Received Import Request.
  Time since last request: 0.000330 seconds.
  path: Assets/Prefab/HealthMagicalSphere 1.prefab
  artifactKey: Guid(1099677a0a11a0e46b9f5aa57ee1241a) Importer(815301076,1909f56bfc062723c751e8b465ee728b)
Start importing Assets/Prefab/HealthMagicalSphere 1.prefab using Guid(1099677a0a11a0e46b9f5aa57ee1241a) Importer(815301076,1909f56bfc062723c751e8b465ee728b)  -> (artifact id: '5dfd0af18aa40afa888cff60b49f5aa1') in 0.089897 seconds 
  Import took 0.095559 seconds .

========================================================================
Received Import Request.
  Time since last request: 4.873015 seconds.
  path: Assets/Prefab/Heart Container 1.prefab
  artifactKey: Guid(5566bbd5c1322f6469b0809a82528053) Importer(815301076,1909f56bfc062723c751e8b465ee728b)
Start importing Assets/Prefab/Heart Container 1.prefab using Guid(5566bbd5c1322f6469b0809a82528053) Importer(815301076,1909f56bfc062723c751e8b465ee728b)  -> (artifact id: '0be1d2acfd6651a636f821dbde8d3f9f') in 0.160076 seconds 
  Import took 0.223026 seconds .

========================================================================
Received Import Request.
  Time since last request: 30.221934 seconds.
  path: Assets/Prefab/Heart Container.prefab
  artifactKey: Guid(5566bbd5c1322f6469b0809a82528053) Importer(815301076,1909f56bfc062723c751e8b465ee728b)
Start importing Assets/Prefab/Heart Container.prefab using Guid(5566bbd5c1322f6469b0809a82528053) Importer(815301076,1909f56bfc062723c751e8b465ee728b)  -> (artifact id: 'ce871caac549698847936b83d3094e84') in 0.027975 seconds 
  Import took 0.047308 seconds .

========================================================================
Received Import Request.
  Time since last request: 41.724247 seconds.
  path: Assets/Scenes/TrashScene.unity
  artifactKey: Guid(79dd51709de05584984df205b085572c) Importer(815301076,1909f56bfc062723c751e8b465ee728b)
Start importing Assets/Scenes/TrashScene.unity using Guid(79dd51709de05584984df205b085572c) Importer(815301076,1909f56bfc062723c751e8b465ee728b)  -> (artifact id: '97fe8d7e1d51cd1abd20e59cd8a525fd') in 0.044514 seconds 
  Import took 0.082042 seconds .

========================================================================
Received Import Request.
  Time since last request: 1099.736251 seconds.
  path: Assets/Scripts/GameManager.cs
  artifactKey: Guid(98b9abd878a610c4fa0fb63bfa57a0b0) Importer(815301076,1909f56bfc062723c751e8b465ee728b)
Start importing Assets/Scripts/GameManager.cs using Guid(98b9abd878a610c4fa0fb63bfa57a0b0) Importer(815301076,1909f56bfc062723c751e8b465ee728b)  -> (artifact id: 'b497487ccac31fc0b8c098119600b3d6') in 0.060739 seconds 
  Import took 0.168239 seconds .

========================================================================
Received Import Request.
  Time since last request: 128.066577 seconds.
  path: Assets/Scripts/GameManager.cs
  artifactKey: Guid(98b9abd878a610c4fa0fb63bfa57a0b0) Importer(815301076,1909f56bfc062723c751e8b465ee728b)
Start importing Assets/Scripts/GameManager.cs using Guid(98b9abd878a610c4fa0fb63bfa57a0b0) Importer(815301076,1909f56bfc062723c751e8b465ee728b)  -> (artifact id: '22abbeb717ae13aeb028359a6b7ff93e') in 0.012979 seconds 
  Import took 0.279711 seconds .

AssetImportWorkerClient::OnTransportError - code=2 error=End of file
